#
# There is insufficient memory for the Java Runtime Environment to continue.
# Native memory allocation (malloc) failed to allocate 32744 bytes for ChunkPool::allocate
# Possible reasons:
#   The system is out of physical RAM or swap space
#   The process is running with CompressedOops enabled, and the Java Heap may be blocking the growth of the native heap
# Possible solutions:
#   Reduce memory load on the system
#   Increase physical memory or swap space
#   Check if swap backing store is full
#   Decrease Java heap size (-Xmx/-Xms)
#   Decrease number of Java threads
#   Decrease Java thread stack sizes (-Xss)
#   Set larger code cache with -XX:ReservedCodeCacheSize=
#   JVM is running with Unscaled Compressed Oops mode in which the Java heap is
#     placed in the first 4GB address space. The Java Heap base address is the
#     maximum limit for the native heap growth. Please use -XX:HeapBaseMinAddress
#     to set the Java Heap base and to place the Java Heap above 4GB virtual address.
# This output file may be truncated or incomplete.
#
#  Out of Memory Error (./open/src/hotspot/share/memory/arena.cpp:79), pid=25972, tid=4192
#
# JRE version: OpenJDK Runtime Environment (15.0.1+9) (build 15.0.1+9-18)
# Java VM: OpenJDK 64-Bit Server VM (15.0.1+9-18, mixed mode, tiered, compressed oops, g1 gc, windows-amd64)
# No core dump will be written. Minidumps are not enabled by default on client versions of Windows
#

---------------  S U M M A R Y ------------

Command Line: -Dcom.sun.management.jmxremote -Dcom.sun.management.jmxremote.port=64374 -Dcom.sun.management.jmxremote.authenticate=false -Dcom.sun.management.jmxremote.ssl=false -Djava.rmi.server.hostname=localhost -Dspring.jmx.enabled=true -Dspring.application.admin.enabled=true -XX:TieredStopAtLevel=1 -Dspring.boot.project.name=EmployeeRegistration -Dfile.encoding=UTF-8 -XX:+ShowCodeDetailsInExceptionMessages com.alpha.employeeregistration.EmployeeRegistrationApplication

Host: Intel(R) Core(TM) i5-6200U CPU @ 2.30GHz, 4 cores, 7G,  Windows 10 , 64 bit Build 19041 (10.0.19041.804)
Time: Sat Feb 27 19:13:33 2021 India Standard Time elapsed time: 11.694978 seconds (0d 0h 0m 11s)

---------------  T H R E A D  ---------------

Current thread (0x0000022b6a95b190):  JavaThread "C1 CompilerThread0" daemon [_thread_in_native, id=4192, stack(0x0000004965e00000,0x0000004965f00000)]


Current CompileTask:
C1:  11695 5149   !   1       nonapi.io.github.classgraph.fastzipfilereader.LogicalZipFile::readCentralDirectory (3097 bytes)

Stack: [0x0000004965e00000,0x0000004965f00000]
Native frames: (J=compiled Java code, j=interpreted, Vv=VM code, C=native code)
V  [jvm.dll+0x62ae9a]
V  [jvm.dll+0x781389]
V  [jvm.dll+0x782ae3]
V  [jvm.dll+0x783143]
V  [jvm.dll+0x216265]
V  [jvm.dll+0x9828f]
V  [jvm.dll+0x985dc]
V  [jvm.dll+0x153b94]
V  [jvm.dll+0x1561f1]
V  [jvm.dll+0x10ffc5]
V  [jvm.dll+0x10f87f]
V  [jvm.dll+0x10fab4]
V  [jvm.dll+0x10edf2]
V  [jvm.dll+0x110c8c]
V  [jvm.dll+0x1f9165]
V  [jvm.dll+0x1f720c]
V  [jvm.dll+0x74485d]
V  [jvm.dll+0x73d65a]
V  [jvm.dll+0x629c56]
C  [ucrtbase.dll+0x21bb2]
C  [KERNEL32.DLL+0x17034]
C  [ntdll.dll+0x4d241]


---------------  P R O C E S S  ---------------

Threads class SMR info:
_java_thread_list=0x0000022b6cfd4270, length=34, elements={
0x0000022b50745a80, 0x0000022b6a0ff480, 0x0000022b6a103e60, 0x0000022b6a955530,
0x0000022b6a957f00, 0x0000022b6a9588c0, 0x0000022b6a95b190, 0x0000022b6a963aa0,
0x0000022b6aabd950, 0x0000022b6ab1b750, 0x0000022b6b2137c0, 0x0000022b6b1be2c0,
0x0000022b6b204f20, 0x0000022b6b2ff760, 0x0000022b6b3b41b0, 0x0000022b6b3b4680,
0x0000022b6b561f50, 0x0000022b6c286b10, 0x0000022b6c286fe0, 0x0000022b6c2c0a60,
0x0000022b6c2bda40, 0x0000022b6c2be8b0, 0x0000022b6c2bdf10, 0x0000022b6b59c530,
0x0000022b6b5a33e0, 0x0000022b6b5a0890, 0x0000022b6b59ced0, 0x0000022b6b5a03c0,
0x0000022b6b5a38b0, 0x0000022b6b59d3a0, 0x0000022b6b5a1bd0, 0x0000022b6b5a2a40,
0x0000022b6b59f080, 0x0000022b6b5a0d60
}

Java Threads: ( => current thread )
  0x0000022b50745a80 JavaThread "main" [_thread_blocked, id=14676, stack(0x0000004965200000,0x0000004965300000)]
  0x0000022b6a0ff480 JavaThread "Reference Handler" daemon [_thread_blocked, id=23604, stack(0x0000004965900000,0x0000004965a00000)]
  0x0000022b6a103e60 JavaThread "Finalizer" daemon [_thread_blocked, id=19964, stack(0x0000004965a00000,0x0000004965b00000)]
  0x0000022b6a955530 JavaThread "Signal Dispatcher" daemon [_thread_blocked, id=28800, stack(0x0000004965b00000,0x0000004965c00000)]
  0x0000022b6a957f00 JavaThread "Attach Listener" daemon [_thread_blocked, id=24864, stack(0x0000004965c00000,0x0000004965d00000)]
  0x0000022b6a9588c0 JavaThread "Service Thread" daemon [_thread_blocked, id=28768, stack(0x0000004965d00000,0x0000004965e00000)]
=>0x0000022b6a95b190 JavaThread "C1 CompilerThread0" daemon [_thread_in_native, id=4192, stack(0x0000004965e00000,0x0000004965f00000)]
  0x0000022b6a963aa0 JavaThread "Sweeper thread" daemon [_thread_blocked, id=16848, stack(0x0000004965f00000,0x0000004966000000)]
  0x0000022b6aabd950 JavaThread "Common-Cleaner" daemon [_thread_blocked, id=8496, stack(0x0000004966000000,0x0000004966100000)]
  0x0000022b6ab1b750 JavaThread "Notification Thread" daemon [_thread_blocked, id=12548, stack(0x0000004966100000,0x0000004966200000)]
  0x0000022b6b2137c0 JavaThread "RMI TCP Accept-0" daemon [_thread_in_native, id=1148, stack(0x0000004966200000,0x0000004966300000)]
  0x0000022b6b1be2c0 JavaThread "RMI TCP Accept-64374" daemon [_thread_in_native, id=9888, stack(0x0000004966300000,0x0000004966400000)]
  0x0000022b6b204f20 JavaThread "RMI TCP Accept-0" daemon [_thread_in_native, id=25108, stack(0x0000004966400000,0x0000004966500000)]
  0x0000022b6b2ff760 JavaThread "RMI TCP Connection(1)-127.0.0.1" daemon [_thread_in_native, id=28260, stack(0x0000004966b00000,0x0000004966c00000)]
  0x0000022b6b3b41b0 JavaThread "RMI Scheduler(0)" daemon [_thread_blocked, id=26656, stack(0x0000004966c00000,0x0000004966d00000)]
  0x0000022b6b3b4680 JavaThread "RMI TCP Connection(2)-127.0.0.1" daemon [_thread_in_native, id=25688, stack(0x0000004966d00000,0x0000004966e00000)]
  0x0000022b6b561f50 JavaThread "JMX server connection timeout 20" daemon [_thread_blocked, id=2208, stack(0x0000004966e00000,0x0000004966f00000)]
  0x0000022b6c286b10 JavaThread "Thread-0" [_thread_blocked, id=26720, stack(0x0000004966f00000,0x0000004967000000)]
  0x0000022b6c286fe0 JavaThread "restartedMain" [_thread_blocked, id=19780, stack(0x0000004967000000,0x0000004967100000)]
  0x0000022b6c2c0a60 JavaThread "Catalina-utility-1" [_thread_blocked, id=20536, stack(0x0000004967100000,0x0000004967200000)]
  0x0000022b6c2bda40 JavaThread "Catalina-utility-2" [_thread_blocked, id=26200, stack(0x0000004967300000,0x0000004967400000)]
  0x0000022b6c2be8b0 JavaThread "container-0" [_thread_blocked, id=29036, stack(0x0000004967400000,0x0000004967500000)]
  0x0000022b6c2bdf10 JavaThread "mysql-cj-abandoned-connection-cleanup" daemon [_thread_blocked, id=24924, stack(0x0000004967500000,0x0000004967600000)]
  0x0000022b6b59c530 JavaThread "HikariPool-1 housekeeper" daemon [_thread_blocked, id=24728, stack(0x0000004967700000,0x0000004967800000)]
  0x0000022b6b5a33e0 JavaThread "HikariPool-1 connection adder" daemon [_thread_blocked, id=28264, stack(0x0000004967800000,0x0000004967900000)]
  0x0000022b6b5a0890 JavaThread "Live Reload Server" daemon [_thread_in_native, id=26240, stack(0x0000004967a00000,0x0000004967b00000)]
  0x0000022b6b59ced0 JavaThread "ClassGraph-worker-32" daemon [_thread_blocked, id=17524, stack(0x0000004967900000,0x0000004967a00000)]
  0x0000022b6b5a03c0 JavaThread "ClassGraph-worker-33" daemon [_thread_blocked, id=16812, stack(0x0000004967b00000,0x0000004967c00000)]
  0x0000022b6b5a38b0 JavaThread "ClassGraph-worker-34" daemon [_thread_blocked, id=26900, stack(0x0000004967c00000,0x0000004967d00000)]
  0x0000022b6b59d3a0 JavaThread "ClassGraph-worker-35" daemon [_thread_blocked, id=11032, stack(0x0000004967d00000,0x0000004967e00000)]
  0x0000022b6b5a1bd0 JavaThread "ClassGraph-worker-36" daemon [_thread_blocked, id=25660, stack(0x0000004967e00000,0x0000004967f00000)]
  0x0000022b6b5a2a40 JavaThread "ClassGraph-worker-37" daemon [_thread_blocked, id=27672, stack(0x0000004967f00000,0x0000004968000000)]
  0x0000022b6b59f080 JavaThread "ClassGraph-worker-38" daemon [_thread_blocked, id=11632, stack(0x0000004968000000,0x0000004968100000)]
  0x0000022b6b5a0d60 JavaThread "ClassGraph-worker-39" daemon [_thread_blocked, id=16592, stack(0x0000004968100000,0x0000004968200000)]

Other Threads:
  0x0000022b6a0fd040 VMThread "VM Thread" [stack: 0x0000004965800000,0x0000004965900000] [id=29048]
  0x0000022b50746b40 WatcherThread [stack: 0x0000004966500000,0x0000004966600000] [id=10428]
  0x0000022b507846b0 GCTaskThread "GC Thread#0" [stack: 0x0000004965300000,0x0000004965400000] [id=16736]
  0x0000022b6b299b20 GCTaskThread "GC Thread#1" [stack: 0x0000004966600000,0x0000004966700000] [id=12564]
  0x0000022b6b29c160 GCTaskThread "GC Thread#2" [stack: 0x0000004966700000,0x0000004966800000] [id=27044]
  0x0000022b6b299e50 GCTaskThread "GC Thread#3" [stack: 0x0000004967200000,0x0000004967300000] [id=17324]
  0x0000022b50796ac0 ConcurrentGCThread "G1 Main Marker" [stack: 0x0000004965400000,0x0000004965500000] [id=16852]
  0x0000022b507975c0 ConcurrentGCThread "G1 Conc#0" [stack: 0x0000004965500000,0x0000004965600000] [id=2152]
  0x0000022b69f20090 ConcurrentGCThread "G1 Refine#0" [stack: 0x0000004965600000,0x0000004965700000] [id=28812]
  0x0000022b6b30ca00 ConcurrentGCThread "G1 Refine#1" [stack: 0x0000004966800000,0x0000004966900000] [id=29044]
  0x0000022b6b2a5650 ConcurrentGCThread "G1 Refine#2" [stack: 0x0000004966900000,0x0000004966a00000] [id=28976]
  0x0000022b6b2d1460 ConcurrentGCThread "G1 Refine#3" [stack: 0x0000004966a00000,0x0000004966b00000] [id=13124]
  0x0000022b69f218f0 ConcurrentGCThread "G1 Young RemSet Sampling" [stack: 0x0000004965700000,0x0000004965800000] [id=2016]

Threads with active compile tasks:
C1 CompilerThread0    11844 5149   !   1       nonapi.io.github.classgraph.fastzipfilereader.LogicalZipFile::readCentralDirectory (3097 bytes)

VM state: at safepoint (normal execution)

VM Mutex/Monitor currently owned by a thread:  ([mutex/lock_event])
[0x0000022b50740df0] Threads_lock - owner thread: 0x0000022b6a0fd040
[0x0000022b50741ae0] Heap_lock - owner thread: 0x0000022b6b59f080

Heap address: 0x0000000082800000, size: 2008 MB, Compressed Oops mode: 32-bit
CDS disabled.
Compressed class space mapped at: 0x0000000100000000-0x0000000140000000, size: 1073741824
Narrow klass base: 0x0000000000000000, Narrow klass shift: 3, Narrow klass range: 0x140000000

GC Precious Log:
 CPUs: 4 total, 4 available
 Memory: 8030M
 Large Page Support: Disabled
 NUMA Support: Disabled
 Compressed Oops: Enabled (32-bit)
 Heap Region Size: 1M
 Heap Min Capacity: 8M
 Heap Initial Capacity: 126M
 Heap Max Capacity: 2008M
 Pre-touch: Disabled
 Parallel Workers: 4
 Concurrent Workers: 1
 Concurrent Refinement Workers: 4
 Periodic GC: Disabled

Heap:
 garbage-first heap   total 84992K, used 38399K [0x0000000082800000, 0x0000000100000000)
  region size 1024K, 4 young (4096K), 4 survivors (4096K)
 Metaspace       used 63344K, capacity 63941K, committed 64248K, reserved 1105920K
  class space    used 8190K, capacity 8405K, committed 8448K, reserved 1048576K

Heap Regions: E=young(eden), S=young(survivor), O=old, HS=humongous(starts), HC=humongous(continues), CS=collection set, F=free, OA=open archive, CA=closed archive, TAMS=top-at-mark-start (previous, next)
|   0|0x0000000082800000, 0x0000000082900000, 0x0000000082900000|100%|HS|  |TAMS 0x0000000082900000, 0x0000000082800000| Complete 
|   1|0x0000000082900000, 0x0000000082a00000, 0x0000000082a00000|100%| O|  |TAMS 0x0000000082a00000, 0x0000000082900000| Untracked 
|   2|0x0000000082a00000, 0x0000000082b00000, 0x0000000082b00000|100%| O|  |TAMS 0x0000000082b00000, 0x0000000082a00000| Untracked 
|   3|0x0000000082b00000, 0x0000000082c00000, 0x0000000082c00000|100%| O|  |TAMS 0x0000000082c00000, 0x0000000082b00000| Untracked 
|   4|0x0000000082c00000, 0x0000000082d00000, 0x0000000082d00000|100%| O|  |TAMS 0x0000000082d00000, 0x0000000082c00000| Untracked 
|   5|0x0000000082d00000, 0x0000000082e00000, 0x0000000082e00000|100%| O|  |TAMS 0x0000000082e00000, 0x0000000082d00000| Untracked 
|   6|0x0000000082e00000, 0x0000000082edbe00, 0x0000000082f00000| 85%| O|  |TAMS 0x0000000082edbe00, 0x0000000082e00000| Untracked 
|   7|0x0000000082f00000, 0x0000000083000000, 0x0000000083000000|100%| O|  |TAMS 0x0000000083000000, 0x0000000082f00000| Untracked 
|   8|0x0000000083000000, 0x0000000083100000, 0x0000000083100000|100%| O|  |TAMS 0x0000000083100000, 0x0000000083000000| Untracked 
|   9|0x0000000083100000, 0x0000000083200000, 0x0000000083200000|100%| O|  |TAMS 0x0000000083200000, 0x0000000083100000| Untracked 
|  10|0x0000000083200000, 0x0000000083300000, 0x0000000083300000|100%| O|  |TAMS 0x0000000083300000, 0x0000000083200000| Untracked 
|  11|0x0000000083300000, 0x0000000083400000, 0x0000000083400000|100%| O|  |TAMS 0x0000000083400000, 0x0000000083300000| Untracked 
|  12|0x0000000083400000, 0x0000000083500000, 0x0000000083500000|100%| O|  |TAMS 0x0000000083500000, 0x0000000083400000| Untracked 
|  13|0x0000000083500000, 0x0000000083600000, 0x0000000083600000|100%| O|  |TAMS 0x0000000083600000, 0x0000000083500000| Untracked 
|  14|0x0000000083600000, 0x00000000836a4000, 0x0000000083700000| 64%| O|  |TAMS 0x00000000836a4000, 0x0000000083600000| Untracked 
|  15|0x0000000083700000, 0x0000000083800000, 0x0000000083800000|100%| O|  |TAMS 0x0000000083800000, 0x0000000083700000| Untracked 
|  16|0x0000000083800000, 0x0000000083900000, 0x0000000083900000|100%| O|  |TAMS 0x0000000083900000, 0x0000000083800000| Untracked 
|  17|0x0000000083900000, 0x0000000083a00000, 0x0000000083a00000|100%| O|  |TAMS 0x0000000083a00000, 0x0000000083900000| Untracked 
|  18|0x0000000083a00000, 0x0000000083b00000, 0x0000000083b00000|100%| O|  |TAMS 0x0000000083b00000, 0x0000000083a00000| Untracked 
|  19|0x0000000083b00000, 0x0000000083c00000, 0x0000000083c00000|100%| O|  |TAMS 0x0000000083c00000, 0x0000000083b00000| Untracked 
|  20|0x0000000083c00000, 0x0000000083d00000, 0x0000000083d00000|100%| O|  |TAMS 0x0000000083d00000, 0x0000000083c00000| Untracked 
|  21|0x0000000083d00000, 0x0000000083e00000, 0x0000000083e00000|100%| O|  |TAMS 0x0000000083dc7e00, 0x0000000083d00000| Untracked 
|  22|0x0000000083e00000, 0x0000000083e00000, 0x0000000083f00000|  0%| F|  |TAMS 0x0000000083e00000, 0x0000000083e00000| Untracked 
|  23|0x0000000083f00000, 0x0000000084000000, 0x0000000084000000|100%| O|  |TAMS 0x0000000083f00000, 0x0000000083f00000| Untracked 
|  24|0x0000000084000000, 0x0000000084100000, 0x0000000084100000|100%| O|  |TAMS 0x0000000084000000, 0x0000000084000000| Untracked 
|  25|0x0000000084100000, 0x0000000084200000, 0x0000000084200000|100%| O|  |TAMS 0x0000000084100000, 0x0000000084100000| Untracked 
|  26|0x0000000084200000, 0x0000000084300000, 0x0000000084300000|100%| O|  |TAMS 0x0000000084200000, 0x0000000084200000| Untracked 
|  27|0x0000000084300000, 0x0000000084400000, 0x0000000084400000|100%| O|  |TAMS 0x0000000084300000, 0x0000000084300000| Untracked 
|  28|0x0000000084400000, 0x0000000084500000, 0x0000000084500000|100%| O|  |TAMS 0x0000000084400000, 0x0000000084400000| Untracked 
|  29|0x0000000084500000, 0x0000000084600000, 0x0000000084600000|100%| O|  |TAMS 0x0000000084500000, 0x0000000084500000| Untracked 
|  30|0x0000000084600000, 0x0000000084700000, 0x0000000084700000|100%| O|  |TAMS 0x0000000084600000, 0x0000000084600000| Untracked 
|  31|0x0000000084700000, 0x0000000084700000, 0x0000000084800000|  0%| F|  |TAMS 0x0000000084700000, 0x0000000084700000| Untracked 
|  32|0x0000000084800000, 0x0000000084800000, 0x0000000084900000|  0%| F|  |TAMS 0x0000000084800000, 0x0000000084800000| Untracked 
|  33|0x0000000084900000, 0x0000000084900000, 0x0000000084a00000|  0%| F|  |TAMS 0x0000000084900000, 0x0000000084900000| Untracked 
|  34|0x0000000084a00000, 0x0000000084a00000, 0x0000000084b00000|  0%| F|  |TAMS 0x0000000084a00000, 0x0000000084a00000| Untracked 
|  35|0x0000000084b00000, 0x0000000084b00000, 0x0000000084c00000|  0%| F|  |TAMS 0x0000000084b00000, 0x0000000084b00000| Untracked 
|  36|0x0000000084c00000, 0x0000000084d00000, 0x0000000084d00000|100%| O|  |TAMS 0x0000000084c00000, 0x0000000084c00000| Untracked 
|  37|0x0000000084d00000, 0x0000000084e00000, 0x0000000084e00000|100%| O|  |TAMS 0x0000000084d00000, 0x0000000084d00000| Untracked 
|  38|0x0000000084e00000, 0x0000000084f00000, 0x0000000084f00000|100%| O|  |TAMS 0x0000000084e00000, 0x0000000084e00000| Untracked 
|  39|0x0000000084f00000, 0x0000000085000000, 0x0000000085000000|100%| O|  |TAMS 0x0000000084f00000, 0x0000000084f00000| Untracked 
|  40|0x0000000085000000, 0x0000000085000000, 0x0000000085100000|  0%| F|  |TAMS 0x0000000085000000, 0x0000000085000000| Untracked 
|  41|0x0000000085100000, 0x0000000085100000, 0x0000000085200000|  0%| F|  |TAMS 0x0000000085100000, 0x0000000085100000| Untracked 
|  42|0x0000000085200000, 0x0000000085200000, 0x0000000085300000|  0%| F|  |TAMS 0x0000000085200000, 0x0000000085200000| Untracked 
|  43|0x0000000085300000, 0x0000000085300000, 0x0000000085400000|  0%| F|  |TAMS 0x0000000085300000, 0x0000000085300000| Untracked 
|  44|0x0000000085400000, 0x0000000085500000, 0x0000000085500000|100%| S|CS|TAMS 0x0000000085400000, 0x0000000085400000| Complete 
|  45|0x0000000085500000, 0x0000000085600000, 0x0000000085600000|100%| S|CS|TAMS 0x0000000085500000, 0x0000000085500000| Complete 
|  46|0x0000000085600000, 0x0000000085700000, 0x0000000085700000|100%| S|CS|TAMS 0x0000000085600000, 0x0000000085600000| Complete 
|  47|0x0000000085700000, 0x0000000085800000, 0x0000000085800000|100%| S|CS|TAMS 0x0000000085700000, 0x0000000085700000| Complete 
|  48|0x0000000085800000, 0x0000000085800000, 0x0000000085900000|  0%| F|  |TAMS 0x0000000085800000, 0x0000000085800000| Untracked 
|  49|0x0000000085900000, 0x0000000085900000, 0x0000000085a00000|  0%| F|  |TAMS 0x0000000085900000, 0x0000000085900000| Untracked 
|  50|0x0000000085a00000, 0x0000000085a00000, 0x0000000085b00000|  0%| F|  |TAMS 0x0000000085a00000, 0x0000000085a00000| Untracked 
|  51|0x0000000085b00000, 0x0000000085b00000, 0x0000000085c00000|  0%| F|  |TAMS 0x0000000085b00000, 0x0000000085b00000| Untracked 
|  52|0x0000000085c00000, 0x0000000085c00000, 0x0000000085d00000|  0%| F|  |TAMS 0x0000000085c00000, 0x0000000085c00000| Untracked 
|  53|0x0000000085d00000, 0x0000000085d00000, 0x0000000085e00000|  0%| F|  |TAMS 0x0000000085d00000, 0x0000000085d00000| Untracked 
|  54|0x0000000085e00000, 0x0000000085e00000, 0x0000000085f00000|  0%| F|  |TAMS 0x0000000085e00000, 0x0000000085e00000| Untracked 
|  55|0x0000000085f00000, 0x0000000085f00000, 0x0000000086000000|  0%| F|  |TAMS 0x0000000085f00000, 0x0000000085f00000| Untracked 
|  56|0x0000000086000000, 0x0000000086000000, 0x0000000086100000|  0%| F|  |TAMS 0x0000000086000000, 0x0000000086000000| Untracked 
|  57|0x0000000086100000, 0x0000000086100000, 0x0000000086200000|  0%| F|  |TAMS 0x0000000086100000, 0x0000000086100000| Untracked 
|  58|0x0000000086200000, 0x0000000086200000, 0x0000000086300000|  0%| F|  |TAMS 0x0000000086200000, 0x0000000086200000| Untracked 
|  59|0x0000000086300000, 0x0000000086300000, 0x0000000086400000|  0%| F|  |TAMS 0x0000000086300000, 0x0000000086300000| Untracked 
|  60|0x0000000086400000, 0x0000000086400000, 0x0000000086500000|  0%| F|  |TAMS 0x0000000086400000, 0x0000000086400000| Untracked 
|  61|0x0000000086500000, 0x0000000086500000, 0x0000000086600000|  0%| F|  |TAMS 0x0000000086500000, 0x0000000086500000| Untracked 
|  62|0x0000000086600000, 0x0000000086600000, 0x0000000086700000|  0%| F|  |TAMS 0x0000000086600000, 0x0000000086600000| Untracked 
|  63|0x0000000086700000, 0x0000000086700000, 0x0000000086800000|  0%| F|  |TAMS 0x0000000086700000, 0x0000000086700000| Untracked 
|  64|0x0000000086800000, 0x0000000086800000, 0x0000000086900000|  0%| F|  |TAMS 0x0000000086800000, 0x0000000086800000| Untracked 
|  65|0x0000000086900000, 0x0000000086900000, 0x0000000086a00000|  0%| F|  |TAMS 0x0000000086900000, 0x0000000086900000| Untracked 
|  66|0x0000000086a00000, 0x0000000086a00000, 0x0000000086b00000|  0%| F|  |TAMS 0x0000000086a00000, 0x0000000086a00000| Untracked 
|  67|0x0000000086b00000, 0x0000000086b00000, 0x0000000086c00000|  0%| F|  |TAMS 0x0000000086b00000, 0x0000000086b00000| Untracked 
|  79|0x0000000087700000, 0x0000000087700000, 0x0000000087800000|  0%| F|  |TAMS 0x0000000087700000, 0x0000000087700000| Untracked 
|  80|0x0000000087800000, 0x0000000087800000, 0x0000000087900000|  0%| F|  |TAMS 0x0000000087800000, 0x0000000087800000| Untracked 
|  81|0x0000000087900000, 0x0000000087900000, 0x0000000087a00000|  0%| F|  |TAMS 0x0000000087900000, 0x0000000087900000| Untracked 
| 125|0x000000008a500000, 0x000000008a500000, 0x000000008a600000|  0%| F|  |TAMS 0x000000008a500000, 0x000000008a500000| Untracked 

Card table byte_map: [0x0000022b63540000,0x0000022b63930000] _byte_map_base: 0x0000022b6312c000

Marking Bits (Prev, Next): (CMBitMap*) 0x0000022b50784e70, (CMBitMap*) 0x0000022b50784e30
 Prev Bits: [0x0000022b65c80000, 0x0000022b67be0000)
 Next Bits: [0x0000022b63d20000, 0x0000022b65c80000)

Polling page: 0x0000022b4ff10000

Metaspace:

Usage:
  Non-class:     54.23 MB capacity,    53.86 MB (>99%) used,   295.71 KB ( <1%) free+waste,    85.69 KB ( <1%) overhead. 
      Class:      8.21 MB capacity,     8.00 MB ( 97%) used,   181.26 KB (  2%) free+waste,    33.38 KB ( <1%) overhead. 
       Both:     62.44 MB capacity,    61.86 MB (>99%) used,   476.97 KB ( <1%) free+waste,   119.06 KB ( <1%) overhead. 

Virtual space:
  Non-class space:       56.00 MB reserved,      54.49 MB ( 97%) committed 
      Class space:        1.00 GB reserved,       8.25 MB ( <1%) committed 
             Both:        1.05 GB reserved,      62.74 MB (  6%) committed 

Chunk freelists:
   Non-Class:  72.00 KB
       Class:  11.00 KB
        Both:  83.00 KB

MaxMetaspaceSize: 17179869184.00 GB
CompressedClassSpaceSize: 1.00 GB

CodeHeap 'non-profiled nmethods': size=238912Kb used=8101Kb max_used=8101Kb free=230810Kb
 bounds [0x0000022b54800000, 0x0000022b54ff0000, 0x0000022b63150000]
CodeHeap 'non-nmethods': size=6848Kb used=1301Kb max_used=1301Kb free=5546Kb
 bounds [0x0000022b54150000, 0x0000022b543c0000, 0x0000022b54800000]
 total_blobs=5747 nmethods=5148 adapters=526
 compilation: enabled
              stopped_count=0, restarted_count=0
 full_count=0

Compilation events (20 events):
Event: 11.646 Thread 0x0000022b6a95b190 nmethod 5139 0x0000022b54fe1a90 code [0x0000022b54fe1c40, 0x0000022b54fe1e18]
Event: 11.646 Thread 0x0000022b6a95b190 5140       1       nonapi.io.github.classgraph.concurrency.InterruptionChecker::getExecutionException (11 bytes)
Event: 11.646 Thread 0x0000022b6a95b190 nmethod 5140 0x0000022b54fe1f90 code [0x0000022b54fe2120, 0x0000022b54fe2218]
Event: 11.646 Thread 0x0000022b6a95b190 5141       1       nonapi.io.github.classgraph.concurrency.InterruptionChecker::checkAndReturn (37 bytes)
Event: 11.646 Thread 0x0000022b6a95b190 nmethod 5141 0x0000022b54fe2310 code [0x0000022b54fe24c0, 0x0000022b54fe2648]
Event: 11.646 Thread 0x0000022b6a95b190 5142       1       java.util.concurrent.ConcurrentLinkedQueue::add (6 bytes)
Event: 11.646 Thread 0x0000022b6a95b190 nmethod 5142 0x0000022b54fe2790 code [0x0000022b54fe2920, 0x0000022b54fe29e8]
Event: 11.646 Thread 0x0000022b6a95b190 5143       1       java.util.concurrent.ConcurrentLinkedQueue::offer (120 bytes)
Event: 11.648 Thread 0x0000022b6a95b190 nmethod 5143 0x0000022b54fe2a90 code [0x0000022b54fe2ce0, 0x0000022b54fe3638]
Event: 11.655 Thread 0x0000022b6a95b190 5144       1       java.util.ComparableTimSort::mergeCollapse (134 bytes)
Event: 11.655 Thread 0x0000022b6a95b190 nmethod 5144 0x0000022b54fe3a90 code [0x0000022b54fe3c40, 0x0000022b54fe3f08]
Event: 11.655 Thread 0x0000022b6a95b190 5145       1       java.util.ComparableTimSort::mergeLo (656 bytes)
Event: 11.657 Thread 0x0000022b6a95b190 nmethod 5145 0x0000022b54fe4190 code [0x0000022b54fe4480, 0x0000022b54fe5c38]
Event: 11.657 Thread 0x0000022b6a95b190 5146       1       java.util.ComparableTimSort::mergeHi (729 bytes)
Event: 11.660 Thread 0x0000022b6a95b190 nmethod 5146 0x0000022b54fe6390 code [0x0000022b54fe6680, 0x0000022b54fe7f18]
Event: 11.660 Thread 0x0000022b6a95b190 5147       1       java.util.ComparableTimSort::mergeAt (356 bytes)
Event: 11.660 Thread 0x0000022b6a95b190 nmethod 5147 0x0000022b54fe8690 code [0x0000022b54fe8880, 0x0000022b54fe8cb8]
Event: 11.660 Thread 0x0000022b6a95b190 5148       1       java.util.ComparableTimSort::ensureCapacity (64 bytes)
Event: 11.660 Thread 0x0000022b6a95b190 nmethod 5148 0x0000022b54fe8f90 code [0x0000022b54fe9140, 0x0000022b54fe9368]
Event: 11.661 Thread 0x0000022b6a95b190 5149   !   1       nonapi.io.github.classgraph.fastzipfilereader.LogicalZipFile::readCentralDirectory (3097 bytes)

GC Heap History (20 events):
Event: 4.400 GC heap after
{Heap after GC invocations=10 (full 0):
 garbage-first heap   total 51200K, used 14839K [0x0000000082800000, 0x0000000100000000)
  region size 1024K, 4 young (4096K), 4 survivors (4096K)
 Metaspace       used 33510K, capacity 33960K, committed 34304K, reserved 1079296K
  class space    used 4101K, capacity 4225K, committed 4352K, reserved 1048576K
}
Event: 4.621 GC heap before
{Heap before GC invocations=10 (full 0):
 garbage-first heap   total 51200K, used 38391K [0x0000000082800000, 0x0000000100000000)
  region size 1024K, 28 young (28672K), 4 survivors (4096K)
 Metaspace       used 34992K, capacity 35499K, committed 35712K, reserved 1081344K
  class space    used 4252K, capacity 4418K, committed 4480K, reserved 1048576K
}
Event: 4.628 GC heap after
{Heap after GC invocations=11 (full 0):
 garbage-first heap   total 61440K, used 15871K [0x0000000082800000, 0x0000000100000000)
  region size 1024K, 1 young (1024K), 1 survivors (1024K)
 Metaspace       used 34992K, capacity 35499K, committed 35712K, reserved 1081344K
  class space    used 4252K, capacity 4418K, committed 4480K, reserved 1048576K
}
Event: 4.671 GC heap before
{Heap before GC invocations=11 (full 0):
 garbage-first heap   total 61440K, used 39423K [0x0000000082800000, 0x0000000100000000)
  region size 1024K, 26 young (26624K), 1 survivors (1024K)
 Metaspace       used 35320K, capacity 35755K, committed 35840K, reserved 1081344K
  class space    used 4274K, capacity 4418K, committed 4480K, reserved 1048576K
}
Event: 4.674 GC heap after
{Heap after GC invocations=12 (full 0):
 garbage-first heap   total 61440K, used 16272K [0x0000000082800000, 0x0000000100000000)
  region size 1024K, 2 young (2048K), 2 survivors (2048K)
 Metaspace       used 35320K, capacity 35755K, committed 35840K, reserved 1081344K
  class space    used 4274K, capacity 4418K, committed 4480K, reserved 1048576K
}
Event: 4.847 GC heap before
{Heap before GC invocations=13 (full 0):
 garbage-first heap   total 61440K, used 46992K [0x0000000082800000, 0x0000000100000000)
  region size 1024K, 33 young (33792K), 2 survivors (2048K)
 Metaspace       used 36676K, capacity 37195K, committed 37248K, reserved 1081344K
  class space    used 4417K, capacity 4578K, committed 4608K, reserved 1048576K
}
Event: 4.853 GC heap after
{Heap after GC invocations=14 (full 0):
 garbage-first heap   total 61440K, used 16450K [0x0000000082800000, 0x0000000100000000)
  region size 1024K, 2 young (2048K), 2 survivors (2048K)
 Metaspace       used 36676K, capacity 37195K, committed 37248K, reserved 1081344K
  class space    used 4417K, capacity 4578K, committed 4608K, reserved 1048576K
}
Event: 5.426 GC heap before
{Heap before GC invocations=15 (full 0):
 garbage-first heap   total 61440K, used 48194K [0x0000000082800000, 0x0000000100000000)
  region size 1024K, 34 young (34816K), 2 survivors (2048K)
 Metaspace       used 39645K, capacity 40157K, committed 40320K, reserved 1085440K
  class space    used 4798K, capacity 4966K, committed 4992K, reserved 1048576K
}
Event: 5.433 GC heap after
{Heap after GC invocations=16 (full 0):
 garbage-first heap   total 61440K, used 17358K [0x0000000082800000, 0x0000000100000000)
  region size 1024K, 3 young (3072K), 3 survivors (3072K)
 Metaspace       used 39645K, capacity 40157K, committed 40320K, reserved 1085440K
  class space    used 4798K, capacity 4966K, committed 4992K, reserved 1048576K
}
Event: 7.227 GC heap before
{Heap before GC invocations=16 (full 0):
 garbage-first heap   total 61440K, used 49102K [0x0000000082800000, 0x0000000100000000)
  region size 1024K, 34 young (34816K), 3 survivors (3072K)
 Metaspace       used 46721K, capacity 47180K, committed 47488K, reserved 1091584K
  class space    used 5815K, capacity 5961K, committed 6016K, reserved 1048576K
}
Event: 7.234 GC heap after
{Heap after GC invocations=17 (full 0):
 garbage-first heap   total 61440K, used 20223K [0x0000000082800000, 0x0000000100000000)
  region size 1024K, 5 young (5120K), 5 survivors (5120K)
 Metaspace       used 46721K, capacity 47180K, committed 47488K, reserved 1091584K
  class space    used 5815K, capacity 5961K, committed 6016K, reserved 1048576K
}
Event: 8.584 GC heap before
{Heap before GC invocations=17 (full 0):
 garbage-first heap   total 61440K, used 48895K [0x0000000082800000, 0x0000000100000000)
  region size 1024K, 33 young (33792K), 5 survivors (5120K)
 Metaspace       used 53990K, capacity 54652K, committed 54784K, reserved 1097728K
  class space    used 6920K, capacity 7124K, committed 7168K, reserved 1048576K
}
Event: 8.594 GC heap after
{Heap after GC invocations=18 (full 0):
 garbage-first heap   total 73728K, used 22021K [0x0000000082800000, 0x0000000100000000)
  region size 1024K, 2 young (2048K), 2 survivors (2048K)
 Metaspace       used 53990K, capacity 54652K, committed 54784K, reserved 1097728K
  class space    used 6920K, capacity 7124K, committed 7168K, reserved 1048576K
}
Event: 10.358 GC heap before
{Heap before GC invocations=18 (full 0):
 garbage-first heap   total 73728K, used 56837K [0x0000000082800000, 0x0000000100000000)
  region size 1024K, 36 young (36864K), 2 survivors (2048K)
 Metaspace       used 59838K, capacity 60434K, committed 60672K, reserved 1101824K
  class space    used 7688K, capacity 7889K, committed 7936K, reserved 1048576K
}
Event: 10.371 GC heap after
{Heap after GC invocations=19 (full 0):
 garbage-first heap   total 73728K, used 24519K [0x0000000082800000, 0x0000000100000000)
  region size 1024K, 5 young (5120K), 5 survivors (5120K)
 Metaspace       used 59838K, capacity 60434K, committed 60672K, reserved 1101824K
  class space    used 7688K, capacity 7889K, committed 7936K, reserved 1048576K
}
Event: 10.943 GC heap before
{Heap before GC invocations=19 (full 0):
 garbage-first heap   total 73728K, used 43975K [0x0000000082800000, 0x0000000100000000)
  region size 1024K, 25 young (25600K), 5 survivors (5120K)
 Metaspace       used 61760K, capacity 62377K, committed 62464K, reserved 1103872K
  class space    used 7965K, capacity 8163K, committed 8192K, reserved 1048576K
}
Event: 10.958 GC heap after
{Heap after GC invocations=20 (full 0):
 garbage-first heap   total 73728K, used 26240K [0x0000000082800000, 0x0000000100000000)
  region size 1024K, 5 young (5120K), 5 survivors (5120K)
 Metaspace       used 61760K, capacity 62377K, committed 62464K, reserved 1103872K
  class space    used 7965K, capacity 8163K, committed 8192K, reserved 1048576K
}
Event: 11.473 GC heap before
{Heap before GC invocations=21 (full 0):
 garbage-first heap   total 73728K, used 57984K [0x0000000082800000, 0x0000000100000000)
  region size 1024K, 36 young (36864K), 5 survivors (5120K)
 Metaspace       used 63257K, capacity 63845K, committed 63992K, reserved 1105920K
  class space    used 8178K, capacity 8373K, committed 8448K, reserved 1048576K
}
Event: 11.493 GC heap after
{Heap after GC invocations=22 (full 0):
 garbage-first heap   total 73728K, used 31782K [0x0000000082800000, 0x0000000100000000)
  region size 1024K, 5 young (5120K), 5 survivors (5120K)
 Metaspace       used 63257K, capacity 63845K, committed 63992K, reserved 1105920K
  class space    used 8178K, capacity 8373K, committed 8448K, reserved 1048576K
}
Event: 11.681 GC heap before
{Heap before GC invocations=23 (full 0):
 garbage-first heap   total 73728K, used 56358K [0x0000000082800000, 0x0000000100000000)
  region size 1024K, 29 young (29696K), 5 survivors (5120K)
 Metaspace       used 63344K, capacity 63941K, committed 64248K, reserved 1105920K
  class space    used 8190K, capacity 8405K, committed 8448K, reserved 1048576K
}

Deoptimization events (6 events):
Event: 3.698 Thread 0x0000022b6c286fe0 DEOPT PACKING pc=0x0000022b54b1b93c sp=0x00000049670fcf40
Event: 3.698 Thread 0x0000022b6c286fe0 DEOPT UNPACKING pc=0x0000022b5419e23f sp=0x00000049670fc498 mode 0
Event: 10.935 Thread 0x0000022b6c286fe0 DEOPT PACKING pc=0x0000022b54b10ec2 sp=0x00000049670fbed0
Event: 10.935 Thread 0x0000022b6c286fe0 DEOPT UNPACKING pc=0x0000022b5419e23f sp=0x00000049670fb3d8 mode 3
Event: 10.935 Thread 0x0000022b6c286fe0 DEOPT PACKING pc=0x0000022b54ad1f15 sp=0x00000049670fbe90
Event: 10.935 Thread 0x0000022b6c286fe0 DEOPT UNPACKING pc=0x0000022b5419e23f sp=0x00000049670fb3d8 mode 3

Classes unloaded (0 events):
No events

Classes redefined (0 events):
No events

Internal exceptions (20 events):
Event: 9.874 Thread 0x0000022b6c286fe0 Exception <a 'java/lang/ClassNotFoundException'{0x0000000085af48e0}: com/alpha/employeeregistration/model/EmployeeCustomizer> (0x0000000085af48e0) 
thrown [./open/src/hotspot/share/classfile/systemDictionary.cpp, line 295]
Event: 9.897 Thread 0x0000022b6c286fe0 Exception <a 'java/lang/NoSuchMethodError'{0x00000000859f5060}: 'int java.lang.invoke.DirectMethodHandle$Holder.invokeVirtual(java.lang.Object, java.lang.Object, java.lang.Object)'> (0x00000000859f5060) 
thrown [./open/src/hotspot/share/interpreter/linkResolver.cpp, line 782]
Event: 9.925 Thread 0x0000022b6c286fe0 Exception <a 'java/lang/ClassNotFoundException'{0x0000000085885cd0}: java/lang/ObjectCustomizer> (0x0000000085885cd0) 
thrown [./open/src/hotspot/share/classfile/systemDictionary.cpp, line 295]
Event: 9.926 Thread 0x0000022b6c286fe0 Exception <a 'java/lang/ClassNotFoundException'{0x000000008588fe70}: com/alpha/employeeregistration/model/OutofOfficeCustomizer> (0x000000008588fe70) 
thrown [./open/src/hotspot/share/classfile/systemDictionary.cpp, line 295]
Event: 9.976 Thread 0x0000022b6c286fe0 Exception <a 'java/lang/IncompatibleClassChangeError'{0x00000000857bd778}: Found class java.lang.Object, but interface was expected> (0x00000000857bd778) 
thrown [./open/src/hotspot/share/interpreter/linkResolver.cpp, line 848]
Event: 10.547 Thread 0x0000022b6c286fe0 Exception <a 'java/io/FileNotFoundException'{0x000000008683e5c0}> (0x000000008683e5c0) 
thrown [./open/src/hotspot/share/prims/jni.cpp, line 578]
Event: 10.547 Thread 0x0000022b6c286fe0 Exception <a 'java/io/FileNotFoundException'{0x000000008683f478}> (0x000000008683f478) 
thrown [./open/src/hotspot/share/prims/jni.cpp, line 578]
Event: 10.671 Thread 0x0000022b6c286fe0 Exception <a 'java/lang/ClassNotFoundException'{0x000000008643c448}: java/lang/ObjectCustomizer> (0x000000008643c448) 
thrown [./open/src/hotspot/share/classfile/systemDictionary.cpp, line 295]
Event: 10.672 Thread 0x0000022b6c286fe0 Exception <a 'java/lang/ClassNotFoundException'{0x0000000086444ec0}: org/springframework/web/servlet/config/annotation/WebMvcConfigurationSupportCustomizer> (0x0000000086444ec0) 
thrown [./open/src/hotspot/share/classfile/systemDictionary.cpp, line 295]
Event: 10.674 Thread 0x0000022b6c286fe0 Exception <a 'java/lang/ClassNotFoundException'{0x00000000864595d0}: org/springframework/web/servlet/config/annotation/DelegatingWebMvcConfigurationCustomizer> (0x00000000864595d0) 
thrown [./open/src/hotspot/share/classfile/systemDictionary.cpp, line 295]
Event: 10.676 Thread 0x0000022b6c286fe0 Exception <a 'java/lang/ClassNotFoundException'{0x0000000086463540}: org/springframework/boot/autoconfigure/web/servlet/WebMvcAutoConfiguration$EnableWebMvcConfigurationCustomizer> (0x0000000086463540) 
thrown [./open/src/hotspot/share/classfile/systemDictionary.cpp, line 295]
Event: 10.679 Thread 0x0000022b6c286fe0 Exception <a 'java/lang/ClassNotFoundException'{0x0000000086477720}: org/springframework/context/ResourceLoaderAwareCustomizer> (0x0000000086477720) 
thrown [./open/src/hotspot/share/classfile/systemDictionary.cpp, line 295]
Event: 10.680 Thread 0x0000022b6c286fe0 Exception <a 'java/lang/ClassNotFoundException'{0x000000008647d1a0}: org/springframework/beans/factory/AwareCustomizer> (0x000000008647d1a0) 
thrown [./open/src/hotspot/share/classfile/systemDictionary.cpp, line 295]
Event: 10.682 Thread 0x0000022b6c286fe0 Exception <a 'java/lang/ClassNotFoundException'{0x0000000086482350}: org/springframework/context/ApplicationContextAwareCustomizer> (0x0000000086482350) 
thrown [./open/src/hotspot/share/classfile/systemDictionary.cpp, line 295]
Event: 10.684 Thread 0x0000022b6c286fe0 Exception <a 'java/lang/ClassNotFoundException'{0x00000000864889a0}: org/springframework/beans/factory/AwareCustomizer> (0x00000000864889a0) 
thrown [./open/src/hotspot/share/classfile/systemDictionary.cpp, line 295]
Event: 10.685 Thread 0x0000022b6c286fe0 Exception <a 'java/lang/ClassNotFoundException'{0x000000008648d848}: org/springframework/web/context/ServletContextAwareCustomizer> (0x000000008648d848) 
thrown [./open/src/hotspot/share/classfile/systemDictionary.cpp, line 295]
Event: 10.686 Thread 0x0000022b6c286fe0 Exception <a 'java/lang/ClassNotFoundException'{0x0000000086493720}: org/springframework/beans/factory/AwareCustomizer> (0x0000000086493720) 
thrown [./open/src/hotspot/share/classfile/systemDictionary.cpp, line 295]
Event: 10.929 Thread 0x0000022b6c286fe0 Exception <a 'java/lang/NoSuchMethodError'{0x0000000085d54bf0}: 'void java.lang.invoke.DirectMethodHandle$Holder.invokeVirtual(java.lang.Object, java.lang.Object, int)'> (0x0000000085d54bf0) 
thrown [./open/src/hotspot/share/interpreter/linkResolver.cpp, line 782]
Event: 10.931 Thread 0x0000022b6c286fe0 Exception <a 'java/lang/NoSuchMethodError'{0x0000000085d71828}: 'void java.lang.invoke.DirectMethodHandle$Holder.invokeVirtual(java.lang.Object, java.lang.Object, long)'> (0x0000000085d71828) 
thrown [./open/src/hotspot/share/interpreter/linkResolver.cpp, line 782]
Event: 11.189 Thread 0x0000022b6c286fe0 Exception <a 'java/lang/IncompatibleClassChangeError'{0x0000000086a6fd28}: Found class java.lang.Object, but interface was expected> (0x0000000086a6fd28) 
thrown [./open/src/hotspot/share/interpreter/linkResolver.cpp, line 848]

Events (20 events):
Event: 11.609 Thread 0x0000022b6b59fa20 Thread exited: 0x0000022b6b59fa20
Event: 11.609 Thread 0x0000022b6b59ebb0 Thread exited: 0x0000022b6b59ebb0
Event: 11.609 Thread 0x0000022b6b5a03c0 Thread exited: 0x0000022b6b5a03c0
Event: 11.609 Thread 0x0000022b6b5a38b0 Thread exited: 0x0000022b6b5a38b0
Event: 11.609 Thread 0x0000022b6b59c060 Thread exited: 0x0000022b6b59c060
Event: 11.617 Executing VM operation: G1Concurrent
Event: 11.617 Executing VM operation: G1Concurrent done
Event: 11.617 Executing VM operation: HandshakeAllThreads
Event: 11.617 Executing VM operation: HandshakeAllThreads done
Event: 11.625 Thread 0x0000022b6b59ced0 Thread added: 0x0000022b6b59ced0
Event: 11.625 Thread 0x0000022b6b5a03c0 Thread added: 0x0000022b6b5a03c0
Event: 11.625 Thread 0x0000022b6b5a38b0 Thread added: 0x0000022b6b5a38b0
Event: 11.625 Thread 0x0000022b6b59d3a0 Thread added: 0x0000022b6b59d3a0
Event: 11.625 Thread 0x0000022b6b5a1bd0 Thread added: 0x0000022b6b5a1bd0
Event: 11.626 Thread 0x0000022b6b5a2a40 Thread added: 0x0000022b6b5a2a40
Event: 11.626 Thread 0x0000022b6b59f080 Thread added: 0x0000022b6b59f080
Event: 11.626 Thread 0x0000022b6b5a0d60 Thread added: 0x0000022b6b5a0d60
Event: 11.659 Executing VM operation: ICBufferFull
Event: 11.662 Executing VM operation: ICBufferFull done
Event: 11.681 Executing VM operation: G1CollectForAllocation


Dynamic libraries:
0x00007ff62ce00000 - 0x00007ff62ce0d000 	C:\Users\ALPHA\.p2\pool\plugins\org.eclipse.justj.openjdk.hotspot.jre.full.win32.x86_64_15.0.1.v20201027-0507\jre\bin\javaw.exe
0x00007ff8c0670000 - 0x00007ff8c0866000 	C:\WINDOWS\SYSTEM32\ntdll.dll
0x00007ff8bfb90000 - 0x00007ff8bfc4d000 	C:\WINDOWS\System32\KERNEL32.DLL
0x00007ff8bddb0000 - 0x00007ff8be079000 	C:\WINDOWS\System32\KERNELBASE.dll
0x00007ff8be110000 - 0x00007ff8be210000 	C:\WINDOWS\System32\ucrtbase.dll
0x00007ff8b8090000 - 0x00007ff8b80a9000 	C:\Users\ALPHA\.p2\pool\plugins\org.eclipse.justj.openjdk.hotspot.jre.full.win32.x86_64_15.0.1.v20201027-0507\jre\bin\VCRUNTIME140.dll
0x00007ff8b74c0000 - 0x00007ff8b74d8000 	C:\Users\ALPHA\.p2\pool\plugins\org.eclipse.justj.openjdk.hotspot.jre.full.win32.x86_64_15.0.1.v20201027-0507\jre\bin\jli.dll
0x00007ff8bf530000 - 0x00007ff8bf6d0000 	C:\WINDOWS\System32\USER32.dll
0x00007ff8be080000 - 0x00007ff8be0a2000 	C:\WINDOWS\System32\win32u.dll
0x00007ff8bf800000 - 0x00007ff8bf82a000 	C:\WINDOWS\System32\GDI32.dll
0x00007ff8b1b00000 - 0x00007ff8b1d9b000 	C:\WINDOWS\WinSxS\amd64_microsoft.windows.common-controls_6595b64144ccf1df_6.0.19041.746_none_ca02b4b61b8320a4\COMCTL32.dll
0x00007ff8be360000 - 0x00007ff8be46b000 	C:\WINDOWS\System32\gdi32full.dll
0x00007ff8c0530000 - 0x00007ff8c05ce000 	C:\WINDOWS\System32\msvcrt.dll
0x00007ff8be210000 - 0x00007ff8be2ad000 	C:\WINDOWS\System32\msvcp_win.dll
0x00007ff8be740000 - 0x00007ff8be770000 	C:\WINDOWS\System32\IMM32.DLL
0x00007ff8bae60000 - 0x00007ff8bae6c000 	C:\Users\ALPHA\.p2\pool\plugins\org.eclipse.justj.openjdk.hotspot.jre.full.win32.x86_64_15.0.1.v20201027-0507\jre\bin\vcruntime140_1.dll
0x00007ff8af670000 - 0x00007ff8af701000 	C:\Users\ALPHA\.p2\pool\plugins\org.eclipse.justj.openjdk.hotspot.jre.full.win32.x86_64_15.0.1.v20201027-0507\jre\bin\msvcp140.dll
0x00007ff859c80000 - 0x00007ff85a7de000 	C:\Users\ALPHA\.p2\pool\plugins\org.eclipse.justj.openjdk.hotspot.jre.full.win32.x86_64_15.0.1.v20201027-0507\jre\bin\server\jvm.dll
0x00007ff8be9e0000 - 0x00007ff8bea8c000 	C:\WINDOWS\System32\ADVAPI32.dll
0x00007ff8c0490000 - 0x00007ff8c052c000 	C:\WINDOWS\System32\sechost.dll
0x00007ff8c02b0000 - 0x00007ff8c03db000 	C:\WINDOWS\System32\RPCRT4.dll
0x00007ff8be770000 - 0x00007ff8be778000 	C:\WINDOWS\System32\PSAPI.DLL
0x00007ff8b3320000 - 0x00007ff8b3347000 	C:\WINDOWS\SYSTEM32\WINMM.dll
0x00007ff8b6610000 - 0x00007ff8b661a000 	C:\WINDOWS\SYSTEM32\VERSION.dll
0x00007ff8bc570000 - 0x00007ff8bc579000 	C:\WINDOWS\SYSTEM32\WSOCK32.dll
0x00007ff8be890000 - 0x00007ff8be8fb000 	C:\WINDOWS\System32\WS2_32.dll
0x00007ff8bc8f0000 - 0x00007ff8bc902000 	C:\WINDOWS\SYSTEM32\kernel.appcore.dll
0x00007ff8b90c0000 - 0x00007ff8b90ca000 	C:\Users\ALPHA\.p2\pool\plugins\org.eclipse.justj.openjdk.hotspot.jre.full.win32.x86_64_15.0.1.v20201027-0507\jre\bin\jimage.dll
0x00007ff8bbbc0000 - 0x00007ff8bbda4000 	C:\WINDOWS\SYSTEM32\DBGHELP.DLL
0x00007ff8a4db0000 - 0x00007ff8a4ddc000 	C:\WINDOWS\SYSTEM32\dbgcore.DLL
0x00007ff8be5d0000 - 0x00007ff8be650000 	C:\WINDOWS\System32\bcryptPrimitives.dll
0x00007ff8b25d0000 - 0x00007ff8b25f5000 	C:\Users\ALPHA\.p2\pool\plugins\org.eclipse.justj.openjdk.hotspot.jre.full.win32.x86_64_15.0.1.v20201027-0507\jre\bin\java.dll
0x00007ff8b8720000 - 0x00007ff8b8738000 	C:\Users\ALPHA\.p2\pool\plugins\org.eclipse.justj.openjdk.hotspot.jre.full.win32.x86_64_15.0.1.v20201027-0507\jre\bin\zip.dll
0x00007ff8bedc0000 - 0x00007ff8bf502000 	C:\WINDOWS\System32\SHELL32.dll
0x00007ff8bbdb0000 - 0x00007ff8bc540000 	C:\WINDOWS\SYSTEM32\windows.storage.dll
0x00007ff8bf830000 - 0x00007ff8bfb86000 	C:\WINDOWS\System32\combase.dll
0x00007ff8bd7a0000 - 0x00007ff8bd7cc000 	C:\WINDOWS\SYSTEM32\Wldp.dll
0x00007ff8c03e0000 - 0x00007ff8c048e000 	C:\WINDOWS\System32\SHCORE.dll
0x00007ff8bed60000 - 0x00007ff8bedb5000 	C:\WINDOWS\System32\shlwapi.dll
0x00007ff8bdce0000 - 0x00007ff8bdd06000 	C:\WINDOWS\SYSTEM32\profapi.dll
0x00007ff8b4540000 - 0x00007ff8b4559000 	C:\Users\ALPHA\.p2\pool\plugins\org.eclipse.justj.openjdk.hotspot.jre.full.win32.x86_64_15.0.1.v20201027-0507\jre\bin\net.dll
0x00007ff8b1a00000 - 0x00007ff8b1b00000 	C:\WINDOWS\SYSTEM32\WINHTTP.dll
0x00007ff8bd4c0000 - 0x00007ff8bd52a000 	C:\WINDOWS\system32\mswsock.dll
0x00007ff8b3cc0000 - 0x00007ff8b3cd2000 	C:\Users\ALPHA\.p2\pool\plugins\org.eclipse.justj.openjdk.hotspot.jre.full.win32.x86_64_15.0.1.v20201027-0507\jre\bin\nio.dll
0x00007ff8b6980000 - 0x00007ff8b6989000 	C:\Users\ALPHA\.p2\pool\plugins\org.eclipse.justj.openjdk.hotspot.jre.full.win32.x86_64_15.0.1.v20201027-0507\jre\bin\management.dll
0x00007ff8b4420000 - 0x00007ff8b442b000 	C:\Users\ALPHA\.p2\pool\plugins\org.eclipse.justj.openjdk.hotspot.jre.full.win32.x86_64_15.0.1.v20201027-0507\jre\bin\management_ext.dll
0x00007ff8a4890000 - 0x00007ff8a48a7000 	C:\WINDOWS\system32\napinsp.dll
0x00007ff8a3e00000 - 0x00007ff8a3e1b000 	C:\WINDOWS\system32\pnrpnsp.dll
0x00007ff8b6f30000 - 0x00007ff8b6f45000 	C:\WINDOWS\system32\wshbth.dll
0x00007ff8b7d40000 - 0x00007ff8b7d5d000 	C:\WINDOWS\system32\NLAapi.dll
0x00007ff8bd1b0000 - 0x00007ff8bd1eb000 	C:\WINDOWS\SYSTEM32\IPHLPAPI.DLL
0x00007ff8bd1f0000 - 0x00007ff8bd2bb000 	C:\WINDOWS\SYSTEM32\DNSAPI.dll
0x00007ff8be730000 - 0x00007ff8be738000 	C:\WINDOWS\System32\NSI.dll
0x00007ff8a2e40000 - 0x00007ff8a2e52000 	C:\WINDOWS\System32\winrnr.dll
0x00007ff8af3d0000 - 0x00007ff8af3da000 	C:\Windows\System32\rasadhlp.dll
0x00007ff8b03e0000 - 0x00007ff8b045f000 	C:\WINDOWS\System32\fwpuclnt.dll
0x00007ff8be650000 - 0x00007ff8be677000 	C:\WINDOWS\System32\bcrypt.dll
0x00007ff8bd6f0000 - 0x00007ff8bd708000 	C:\WINDOWS\SYSTEM32\CRYPTSP.dll
0x00007ff8bce60000 - 0x00007ff8bce94000 	C:\WINDOWS\system32\rsaenh.dll
0x00007ff8bdca0000 - 0x00007ff8bdcce000 	C:\WINDOWS\SYSTEM32\USERENV.dll
0x00007ff8bd710000 - 0x00007ff8bd71c000 	C:\WINDOWS\SYSTEM32\CRYPTBASE.dll
0x00007ff8b8a60000 - 0x00007ff8b8a77000 	C:\WINDOWS\SYSTEM32\dhcpcsvc6.DLL
0x00007ff8b8510000 - 0x00007ff8b852d000 	C:\WINDOWS\SYSTEM32\dhcpcsvc.DLL
0x00007ff8b8240000 - 0x00007ff8b8250000 	C:\Users\ALPHA\.p2\pool\plugins\org.eclipse.justj.openjdk.hotspot.jre.full.win32.x86_64_15.0.1.v20201027-0507\jre\bin\verify.dll
0x00007ff8b69a0000 - 0x00007ff8b69ad000 	C:\Users\ALPHA\.p2\pool\plugins\org.eclipse.justj.openjdk.hotspot.jre.full.win32.x86_64_15.0.1.v20201027-0507\jre\bin\sunmscapi.dll
0x00007ff8be470000 - 0x00007ff8be5c6000 	C:\WINDOWS\System32\CRYPT32.dll
0x00007ff8bd880000 - 0x00007ff8bd8a7000 	C:\WINDOWS\SYSTEM32\ncrypt.dll
0x00007ff8bd840000 - 0x00007ff8bd87b000 	C:\WINDOWS\SYSTEM32\NTASN1.dll

dbghelp: loaded successfully - version: 4.0.5 - missing functions: none
symbol engine: initialized successfully - sym options: 0x614 - pdb path: .;C:\Users\ALPHA\.p2\pool\plugins\org.eclipse.justj.openjdk.hotspot.jre.full.win32.x86_64_15.0.1.v20201027-0507\jre\bin;C:\WINDOWS\SYSTEM32;C:\WINDOWS\WinSxS\amd64_microsoft.windows.common-controls_6595b64144ccf1df_6.0.19041.746_none_ca02b4b61b8320a4;C:\Users\ALPHA\.p2\pool\plugins\org.eclipse.justj.openjdk.hotspot.jre.full.win32.x86_64_15.0.1.v20201027-0507\jre\bin\server

VM Arguments:
jvm_args: -Dcom.sun.management.jmxremote -Dcom.sun.management.jmxremote.port=64374 -Dcom.sun.management.jmxremote.authenticate=false -Dcom.sun.management.jmxremote.ssl=false -Djava.rmi.server.hostname=localhost -Dspring.jmx.enabled=true -Dspring.application.admin.enabled=true -XX:TieredStopAtLevel=1 -Dspring.boot.project.name=EmployeeRegistration -Dfile.encoding=UTF-8 -XX:+ShowCodeDetailsInExceptionMessages 
java_command: com.alpha.employeeregistration.EmployeeRegistrationApplication
java_class_path (initial): C:\Users\ALPHA\git\employee-registration-login\EmployeeRegistration\target\classes;C:\Users\ALPHA\.m2\repository\org\springframework\boot\spring-boot-starter-data-jpa\2.4.2\spring-boot-starter-data-jpa-2.4.2.jar;C:\Users\ALPHA\.m2\repository\org\springframework\boot\spring-boot-starter-aop\2.4.2\spring-boot-starter-aop-2.4.2.jar;C:\Users\ALPHA\.m2\repository\org\springframework\spring-aop\5.3.3\spring-aop-5.3.3.jar;C:\Users\ALPHA\.m2\repository\org\aspectj\aspectjweaver\1.9.6\aspectjweaver-1.9.6.jar;C:\Users\ALPHA\.m2\repository\org\springframework\boot\spring-boot-starter-jdbc\2.4.2\spring-boot-starter-jdbc-2.4.2.jar;C:\Users\ALPHA\.m2\repository\com\zaxxer\HikariCP\3.4.5\HikariCP-3.4.5.jar;C:\Users\ALPHA\.m2\repository\org\springframework\spring-jdbc\5.3.3\spring-jdbc-5.3.3.jar;C:\Users\ALPHA\.m2\repository\jakarta\transaction\jakarta.transaction-api\1.3.3\jakarta.transaction-api-1.3.3.jar;C:\Users\ALPHA\.m2\repository\jakarta\persistence\jakarta.persistence-api\2.2.3\jakarta.persistence-api-2.2.3.jar;C:\Users\ALPHA\.m2\repository\org\hibernate\hibernate-core\5.4.27.Final\hibernate-core-5.4.27.Final.jar;C:\Users\ALPHA\.m2\repository\org\jboss\logging\jboss-logging\3.4.1.Final\jboss-logging-3.4.1.Final.jar;C:\Users\ALPHA\.m2\repository\org\javassist\javassist\3.27.0-GA\javassist-3.27.0-GA.jar;C:\Users\ALPHA\.m2\repository\net\bytebuddy\byte-buddy\1.10.19\byte-buddy-1.10.19.jar;C:\Users\ALPHA\.m2\repository\antlr\antlr\2.7.7\antlr-2.7.7.jar;C:\Users\ALPHA\.m2\repository\org\jboss\jandex\2.1.3.Final\jandex-2.1.3.Final.jar;C:\Users\ALPHA\.m2\repository\com\fasterxml\classmate\1.5.1\classmate-1.5.1.jar;C:\Users\ALPHA\.m2\repository\org\dom4j\dom4j\2.1.3\dom4j-2.1.3.jar;C:\Users\ALPHA\.m2\repository\org\hibernate\common\hibernate-commons-annotations\5.1.2.Final\hibernate-commons-annotations-5.1.2.Final.jar;C:\Users\ALPHA\.m2\repository\org\glassfish\jaxb\jaxb-runtime\2.3.3\jaxb-runtime-2.3.3.jar;C:\Users\ALPHA\.m2\repository\org\glassfish\ja
Launcher Type: SUN_STANDARD

[Global flags]
     intx CICompilerCount                          = 3                                         {product} {ergonomic}
     uint ConcGCThreads                            = 1                                         {product} {ergonomic}
     uint G1ConcRefinementThreads                  = 4                                         {product} {ergonomic}
   size_t G1HeapRegionSize                         = 1048576                                   {product} {ergonomic}
    uintx GCDrainStackTargetSize                   = 64                                        {product} {ergonomic}
   size_t InitialHeapSize                          = 132120576                                 {product} {ergonomic}
     bool ManagementServer                         = true                                      {product} {command line}
   size_t MarkStackSize                            = 4194304                                   {product} {ergonomic}
   size_t MaxHeapSize                              = 2105540608                                {product} {ergonomic}
   size_t MaxNewSize                               = 1262485504                                {product} {ergonomic}
   size_t MinHeapDeltaBytes                        = 1048576                                   {product} {ergonomic}
   size_t MinHeapSize                              = 8388608                                   {product} {ergonomic}
    uintx NonNMethodCodeHeapSize                   = 6973028                                {pd product} {ergonomic}
    uintx NonProfiledCodeHeapSize                  = 244685212                              {pd product} {ergonomic}
    uintx ProfiledCodeHeapSize                     = 0                                      {pd product} {ergonomic}
    uintx ReservedCodeCacheSize                    = 251658240                              {pd product} {ergonomic}
     bool SegmentedCodeCache                       = true                                      {product} {ergonomic}
     bool ShowCodeDetailsInExceptionMessages       = true                                   {manageable} {command line}
   size_t SoftMaxHeapSize                          = 2105540608                             {manageable} {ergonomic}
     intx TieredStopAtLevel                        = 1                                         {product} {command line}
     bool UseCompressedClassPointers               = true                                 {lp64_product} {ergonomic}
     bool UseCompressedOops                        = true                                 {lp64_product} {ergonomic}
     bool UseG1GC                                  = true                                      {product} {ergonomic}
     bool UseLargePagesIndividualAllocation        = false                                  {pd product} {ergonomic}

Logging:
Log output configuration:
 #0: stdout all=warning uptime,level,tags
 #1: stderr all=off uptime,level,tags

Environment Variables:
JAVA_HOME=C:\Program Files\Java\jdk1.8.0_121\jre
PATH=C:/Users/ALPHA/.p2/pool/plugins/org.eclipse.justj.openjdk.hotspot.jre.full.win32.x86_64_15.0.1.v20201027-0507/jre/bin/server;C:/Users/ALPHA/.p2/pool/plugins/org.eclipse.justj.openjdk.hotspot.jre.full.win32.x86_64_15.0.1.v20201027-0507/jre/bin;C:\app\ALPHA\product\11.2.0\dbhome_1\bin;C:\DevSuiteHome_1\jdk\jre\bin\client;C:\DevSuiteHome_1\jlib;C:\DevSuiteHome_1\bin;C:\DevSuiteHome_1\jre\1.4.2\bin\client;C:\DevSuiteHome_1\jre\1.4.2\bin;C:\DevSuiteHome_1\jdk\jre\bin\classic;C:\DevSuiteHome_1\jdk\jre\bin;C:\windows\System32\WindowsPowerShell\v1.0\;C:\Program Files\Microsoft SQL Server\Client SDK\ODBC\130\Tools\Binn\;C:\Program Files (x86)\Microsoft SQL Server\140\Tools\Binn\;C:\Program Files\Microsoft SQL Server\140\Tools\Binn\;C:\Program Files\Microsoft SQL Server\140\DTS\Binn\;C:\Program Files (x86)\Microsoft SQL Server\Client SDK\ODBC\130\Tools\Binn\;C:\Program Files (x86)\Microsoft SQL Server\140\DTS\Binn\;C:\Program Files (x86)\Microsoft SQL Server\140\Tools\Binn\ManagementStudio\;C:\WINDOWS\system32;C:\WINDOWS;C:\WINDOWS\System32\Wbem;C:\WINDOWS\System32\WindowsPowerShell\v1.0\;C:\Program Files\Java\jdk1.8.0_121\bin;C:\Users\ALPHA\AppData\Local\Microsoft\WindowsApps;C:\adb;C:\WINDOWS\System32\OpenSSH\;C:\Program Files (x86)\dotnet\;C:\Program Files\dotnet\;C:\Program Files\Microsoft SQL Server\130\Tools\Binn\;C:\Program Files\Microsoft SQL Server\Client SDK\ODBC\170\Tools\Binn\;C:\Program Files\Git\cmd;C:\Program Files\NVIDIA Corporation\NVIDIA NvDLISR;C:\Program Files (x86)\Microsoft SQL Server\110\DTS\Binn\;C:\Program Files (x86)\Microsoft SQL Server\120\DTS\Binn\;C:\Program Files (x86)\Microsoft SQL Server\130\DTS\Binn\;C:\Program Files (x86)\Microsoft SQL Server\150\DTS\Binn\;C:\WINDOWS\system32;C:\WINDOWS;C:\WINDOWS\System32\Wbem;C:\WINDOWS\System32\WindowsPowerShell\v1.0\;C:\WINDOWS\System32\OpenSSH\;C:\Program Files\nodejs\;C:\Program Files\MySQL\MySQL Shell 8.0\bin\;C:\Program Files\Java\jdk1.8.0_121\bin;C:\Users\ALPHA\AppData\Local\Microsoft\WindowsApps;
USERNAME=ALPHA
OS=Windows_NT
PROCESSOR_IDENTIFIER=Intel64 Family 6 Model 78 Stepping 3, GenuineIntel



---------------  S Y S T E M  ---------------

OS:
 Windows 10 , 64 bit Build 19041 (10.0.19041.804)
OS uptime: 2 days 4:03 hours

CPU: total 4 (initial active 4) (2 cores per cpu, 2 threads per core) family 6 model 78 stepping 3 microcode 0xcc, cmov, cx8, fxsr, mmx, sse, sse2, sse3, ssse3, sse4.1, sse4.2, popcnt, vzeroupper, avx, avx2, aes, clmul, erms, 3dnowpref, lzcnt, ht, tsc, tscinvbit, bmi1, bmi2, adx, fma, clflush, clflushopt

Memory: 4k page, system-wide physical 8030M (862M free)
TotalPageFile size 12030M (AvailPageFile size 12M)
current process WorkingSet (physical memory assigned to process): 214M, peak: 214M
current process commit charge ("private bytes"): 241M, peak: 252M

vm_info: OpenJDK 64-Bit Server VM (15.0.1+9-18) for windows-amd64 JRE (15.0.1+9-18), built on Sep 15 2020 14:39:31 by "mach5one" with unknown MS VC++:1925

END.
